# JRE version: OpenJDK Runtime Environment (8.0_152-b01) (build 1.8.0_152-release-1343-b01)
# Java VM: OpenJDK 64-Bit Server VM (25.152-b01 mixed mode windows-amd64 compressed oops)
Heap:
 PSYoungGen      total 501248K, used 210317K [0x00000000e0000000, 0x0000000100000000, 0x0000000100000000)
  eden space 483328K, 40% used [0x00000000e0000000,0x00000000ebcf3778,0x00000000fd800000)
  from space 17920K, 93% used [0x00000000fee80000,0x00000000ffeefec8,0x0000000100000000)
  to   space 20480K, 0% used [0x00000000fd800000,0x00000000fd800000,0x00000000fec00000)
 ParOldGen       total 190464K, used 85822K [0x00000000a0000000, 0x00000000aba00000, 0x00000000e0000000)
  object space 190464K, 45% used [0x00000000a0000000,0x00000000a53cf860,0x00000000aba00000)
 Metaspace       used 103473K, capacity 108048K, committed 108352K, reserved 1144832K
  class space    used 12913K, capacity 13774K, committed 13888K, reserved 1048576K
GC Heap History (10 events):
Event: 491.758 GC heap before
{Heap before GC invocations=36 (full 4):
 PSYoungGen      total 373760K, used 359892K [0x00000000e0000000, 0x00000000fb900000, 0x0000000100000000)
  eden space 352768K, 100% used [0x00000000e0000000,0x00000000f5880000,0x00000000f5880000)
  from space 20992K, 33% used [0x00000000f5880000,0x00000000f5f75240,0x00000000f6d00000)
  to   space 19968K, 0% used [0x00000000fa580000,0x00000000fa580000,0x00000000fb900000)
 ParOldGen       total 190464K, used 80770K [0x00000000a0000000, 0x00000000aba00000, 0x00000000e0000000)
  object space 190464K, 42% used [0x00000000a0000000,0x00000000a4ee09a8,0x00000000aba00000)
 Metaspace       used 99028K, capacity 102928K, committed 103232K, reserved 1138688K
  class space    used 12500K, capacity 13254K, committed 13376K, reserved 1048576K
Event: 491.772 GC heap after
Heap after GC invocations=36 (full 4):
 PSYoungGen      total 426496K, used 6737K [0x00000000e0000000, 0x00000000fb580000, 0x0000000100000000)
  eden space 410112K, 0% used [0x00000000e0000000,0x00000000e0000000,0x00000000f9080000)
  from space 16384K, 41% used [0x00000000fa580000,0x00000000fac147e8,0x00000000fb580000)
  to   space 18944K, 0% used [0x00000000f9080000,0x00000000f9080000,0x00000000fa300000)
 ParOldGen       total 190464K, used 83690K [0x00000000a0000000, 0x00000000aba00000, 0x00000000e0000000)
  object space 190464K, 43% used [0x00000000a0000000,0x00000000a51ba8f8,0x00000000aba00000)
 Metaspace       used 99028K, capacity 102928K, committed 103232K, reserved 1138688K
  class space    used 12500K, capacity 13254K, committed 13376K, reserved 1048576K
}
Event: 492.579 GC heap before
{Heap before GC invocations=37 (full 4):
 PSYoungGen      total 426496K, used 416849K [0x00000000e0000000, 0x00000000fb580000, 0x0000000100000000)
  eden space 410112K, 100% used [0x00000000e0000000,0x00000000f9080000,0x00000000f9080000)
  from space 16384K, 41% used [0x00000000fa580000,0x00000000fac147e8,0x00000000fb580000)
  to   space 18944K, 0% used [0x00000000f9080000,0x00000000f9080000,0x00000000fa300000)
 ParOldGen       total 190464K, used 83690K [0x00000000a0000000, 0x00000000aba00000, 0x00000000e0000000)
  object space 190464K, 43% used [0x00000000a0000000,0x00000000a51ba8f8,0x00000000aba00000)
 Metaspace       used 99088K, capacity 102992K, committed 103232K, reserved 1138688K
  class space    used 12500K, capacity 13254K, committed 13376K, reserved 1048576K
Event: 492.595 GC heap after
Heap after GC invocations=37 (full 4):
 PSYoungGen      total 429056K, used 3032K [0x00000000e0000000, 0x00000000fe880000, 0x0000000100000000)
  eden space 410112K, 0% used [0x00000000e0000000,0x00000000e0000000,0x00000000f9080000)
  from space 18944K, 16% used [0x00000000f9080000,0x00000000f93763e0,0x00000000fa300000)
  to   space 18944K, 0% used [0x00000000fd600000,0x00000000fd600000,0x00000000fe880000)
 ParOldGen       total 190464K, used 85296K [0x00000000a0000000, 0x00000000aba00000, 0x00000000e0000000)
  object space 190464K, 44% used [0x00000000a0000000,0x00000000a534c018,0x00000000aba00000)
 Metaspace       used 99088K, capacity 102992K, committed 103232K, reserved 1138688K
  class space    used 12500K, capacity 13254K, committed 13376K, reserved 1048576K
}
Event: 493.325 GC heap before
{Heap before GC invocations=38 (full 4):
 PSYoungGen      total 429056K, used 413144K [0x00000000e0000000, 0x00000000fe880000, 0x0000000100000000)
  eden space 410112K, 100% used [0x00000000e0000000,0x00000000f9080000,0x00000000f9080000)
  from space 18944K, 16% used [0x00000000f9080000,0x00000000f93763e0,0x00000000fa300000)
  to   space 18944K, 0% used [0x00000000fd600000,0x00000000fd600000,0x00000000fe880000)
 ParOldGen       total 190464K, used 85296K [0x00000000a0000000, 0x00000000aba00000, 0x00000000e0000000)
  object space 190464K, 44% used [0x00000000a0000000,0x00000000a534c018,0x00000000aba00000)
 Metaspace       used 99302K, capacity 103178K, committed 103488K, reserved 1138688K
  class space    used 12514K, capacity 13265K, committed 13376K, reserved 1048576K
Event: 493.339 GC heap after
Heap after GC invocations=38 (full 4):
 PSYoungGen      total 473088K, used 4765K [0x00000000e0000000, 0x00000000fe380000, 0x0000000100000000)
  eden space 459264K, 0% used [0x00000000e0000000,0x00000000e0000000,0x00000000fc080000)
  from space 13824K, 34% used [0x00000000fd600000,0x00000000fdaa7538,0x00000000fe380000)
  to   space 17920K, 0% used [0x00000000fc080000,0x00000000fc080000,0x00000000fd200000)
 ParOldGen       total 190464K, used 85710K [0x00000000a0000000, 0x00000000aba00000, 0x00000000e0000000)
  object space 190464K, 45% used [0x00000000a0000000,0x00000000a53b3ab0,0x00000000aba00000)
 Metaspace       used 99302K, capacity 103178K, committed 103488K, reserved 1138688K
  class space    used 12514K, capacity 13265K, committed 13376K, reserved 1048576K
}
Event: 501.952 GC heap before
{Heap before GC invocations=39 (full 4):
 PSYoungGen      total 473088K, used 464029K [0x00000000e0000000, 0x00000000fe380000, 0x0000000100000000)
  eden space 459264K, 100% used [0x00000000e0000000,0x00000000fc080000,0x00000000fc080000)
  from space 13824K, 34% used [0x00000000fd600000,0x00000000fdaa7538,0x00000000fe380000)
  to   space 17920K, 0% used [0x00000000fc080000,0x00000000fc080000,0x00000000fd200000)
 ParOldGen       total 190464K, used 85710K [0x00000000a0000000, 0x00000000aba00000, 0x00000000e0000000)
  object space 190464K, 45% used [0x00000000a0000000,0x00000000a53b3ab0,0x00000000aba00000)
 Metaspace       used 100182K, capacity 104298K, committed 104640K, reserved 1140736K
  class space    used 12599K, capacity 13387K, committed 13504K, reserved 1048576K
Event: 501.975 GC heap after
Heap after GC invocations=39 (full 4):
 PSYoungGen      total 477184K, used 9464K [0x00000000e0000000, 0x0000000100000000, 0x0000000100000000)
  eden space 459264K, 0% used [0x00000000e0000000,0x00000000e0000000,0x00000000fc080000)
  from space 17920K, 52% used [0x00000000fc080000,0x00000000fc9be3b0,0x00000000fd200000)
  to   space 17920K, 0% used [0x00000000fee80000,0x00000000fee80000,0x0000000100000000)
 ParOldGen       total 190464K, used 85814K [0x00000000a0000000, 0x00000000aba00000, 0x00000000e0000000)
  object space 190464K, 45% used [0x00000000a0000000,0x00000000a53cd860,0x00000000aba00000)
 Metaspace       used 100182K, capacity 104298K, committed 104640K, reserved 1140736K
  class space    used 12599K, capacity 13387K, committed 13504K, reserved 1048576K
}
Event: 1167.073 GC heap before
{Heap before GC invocations=40 (full 4):
 PSYoungGen      total 477184K, used 468728K [0x00000000e0000000, 0x0000000100000000, 0x0000000100000000)
  eden space 459264K, 100% used [0x00000000e0000000,0x00000000fc080000,0x00000000fc080000)
  from space 17920K, 52% used [0x00000000fc080000,0x00000000fc9be3b0,0x00000000fd200000)
  to   space 17920K, 0% used [0x00000000fee80000,0x00000000fee80000,0x0000000100000000)
 ParOldGen       total 190464K, used 85814K [0x00000000a0000000, 0x00000000aba00000, 0x00000000e0000000)
  object space 190464K, 45% used [0x00000000a0000000,0x00000000a53cd860,0x00000000aba00000)
 Metaspace       used 102597K, capacity 106946K, committed 107200K, reserved 1142784K
  class space    used 12843K, capacity 13681K, committed 13760K, reserved 1048576K
Event: 1167.162 GC heap after
Heap after GC invocations=40 (full 4):
 PSYoungGen      total 501248K, used 16831K [0x00000000e0000000, 0x0000000100000000, 0x0000000100000000)
  eden space 483328K, 0% used [0x00000000e0000000,0x00000000e0000000,0x00000000fd800000)
  from space 17920K, 93% used [0x00000000fee80000,0x00000000ffeefec8,0x0000000100000000)
  to   space 20480K, 0% used [0x00000000fd800000,0x00000000fd800000,0x00000000fec00000)
 ParOldGen       total 190464K, used 85822K [0x00000000a0000000, 0x00000000aba00000, 0x00000000e0000000)
  object space 190464K, 45% used [0x00000000a0000000,0x00000000a53cf860,0x00000000aba00000)
 Metaspace       used 102597K, capacity 106946K, committed 107200K, reserved 1142784K
  class space    used 12843K, capacity 13681K, committed 13760K, reserved 1048576K
}

